<?xml version="1.0" encoding="UTF-8"?>
<!-- Generated by org.testng.reporters.JUnitReportReporter -->
<testsuite hostname="Ramkumars-MacBook-Air.local" failures="0" tests="1" name="google_cloud.ExecutionGoogleCloud" time="139.447" errors="0" timestamp="2025-02-22T00:21:27 IST" skipped="0">
  <testcase classname="google_cloud.ExecutionGoogleCloud" name="googleCloudRunner" time="139.447"/>
  <system-out/>
</testsuite> <!-- google_cloud.ExecutionGoogleCloud -->
