<?xml version="1.0" encoding="UTF-8"?>
<!-- Generated by org.testng.reporters.JUnitReportReporter -->
<testsuite hostname="Ramkumars-MacBook-Air.local" failures="0" tests="1" name="google_cloud.execution_google_cloud" time="0.006" errors="0" timestamp="2025-02-21T10:01:39 IST" skipped="0">
  <testcase classname="google_cloud.execution_google_cloud" name="googlecloudrunner" time="0.006"/>
  <system-out/>
</testsuite> <!-- google_cloud.execution_google_cloud -->
